Using pre-set license
Built from '2020.3/staging' branch; Version is '2020.3.0f1 (c7b5465681fb) revision 13088070'; Using compiler version '192528614'; Build Type 'Release'
OS: 'Windows 10 Home; OS build 19043.1052; Version 2009; 64bit' Language: 'en' Physical Memory: 16230 MB
BatchMode: 1, IsHumanControllingUs: 0, StartBugReporterOnCrash: 0, Is64bit: 1, IsPro: 0

 COMMAND LINE ARGUMENTS:
C:\Program Files\Unity\Hub\Editor\2020.3.0f1\Editor\Unity.exe
-adb2
-batchMode
-noUpm
-name
AssetImportWorker0
-projectPath
C:/Users/Enin/Unity/UdemyTestShooting2d
-logFile
Logs/AssetImportWorker0.log
-srvPort
51373
Successfully changed project path to: C:/Users/Enin/Unity/UdemyTestShooting2d
C:/Users/Enin/Unity/UdemyTestShooting2d
Using Asset Import Pipeline V2.
Refreshing native plugins compatible for Editor in 33.20 ms, found 1 plugins.
Preloading 0 native plugins for Editor in 0.00 ms.
Initialize engine version: 2020.3.0f1 (c7b5465681fb)
[Subsystems] Discovering subsystems at path C:/Program Files/Unity/Hub/Editor/2020.3.0f1/Editor/Data/Resources/UnitySubsystems
[Subsystems] Discovering subsystems at path C:/Users/Enin/Unity/UdemyTestShooting2d/Assets
GfxDevice: creating device client; threaded=0
Direct3D:
    Version:  Direct3D 11.0 [level 11.1]
    Renderer: Intel(R) UHD Graphics 630 (ID=0x9bc8)
    Vendor:   
    VRAM:     8115 MB
    Driver:   27.20.100.8681
Initialize mono
Mono path[0] = 'C:/Program Files/Unity/Hub/Editor/2020.3.0f1/Editor/Data/Managed'
Mono path[1] = 'C:/Program Files/Unity/Hub/Editor/2020.3.0f1/Editor/Data/MonoBleedingEdge/lib/mono/unityjit'
Mono config path = 'C:/Program Files/Unity/Hub/Editor/2020.3.0f1/Editor/Data/MonoBleedingEdge/etc'
Using monoOptions --debugger-agent=transport=dt_socket,embedding=1,server=y,suspend=n,address=127.0.0.1:56520
Begin MonoManager ReloadAssembly
Registering precompiled unity dll's ...
Register platform support module: C:/Program Files/Unity/Hub/Editor/2020.3.0f1/Editor/Data/PlaybackEngines/WebGLSupport/UnityEditor.WebGL.Extensions.dll
Register platform support module: C:/Program Files/Unity/Hub/Editor/2020.3.0f1/Editor/Data/PlaybackEngines/MacStandaloneSupport/UnityEditor.OSXStandalone.Extensions.dll
Register platform support module: C:/Program Files/Unity/Hub/Editor/2020.3.0f1/Editor/Data/PlaybackEngines/WindowsStandaloneSupport/UnityEditor.WindowsStandalone.Extensions.dll
Registered in 0.002649 seconds.
Native extension for WindowsStandalone target not found
Native extension for OSXStandalone target not found
Native extension for WebGL target not found
Refreshing native plugins compatible for Editor in 32.76 ms, found 1 plugins.
Preloading 0 native plugins for Editor in 0.00 ms.
Invoked RoslynAnalysisRunner static constructor.
RoslynAnalysisRunner will not be running.
RoslynAnalysisRunner has terminated.
Mono: successfully reloaded assembly
- Completed reload, in  1.350 seconds
Platform modules already initialized, skipping
Registering precompiled user dll's ...
Registered in 0.000931 seconds.
Begin MonoManager ReloadAssembly
Native extension for WindowsStandalone target not found
Native extension for OSXStandalone target not found
Native extension for WebGL target not found
Refreshing native plugins compatible for Editor in 33.81 ms, found 1 plugins.
Preloading 0 native plugins for Editor in 0.00 ms.
Invoked RoslynAnalysisRunner static constructor.
RoslynAnalysisRunner will not be running.
RoslynAnalysisRunner has terminated.
Mono: successfully reloaded assembly
- Completed reload, in  0.857 seconds
Platform modules already initialized, skipping
========================================================================
Worker process is ready to serve import requests
Launched and connected shader compiler UnityShaderCompiler.exe after 0.05 seconds
Refreshing native plugins compatible for Editor in 0.35 ms, found 1 plugins.
Preloading 0 native plugins for Editor in 0.00 ms.
Unloading 1828 Unused Serialized files (Serialized files now loaded: 0)
System memory in use before: 85.1 MB.
System memory in use after: 85.1 MB.

Unloading 24 unused Assets to reduce memory usage. Loaded Objects now: 2272.
Total: 1.959200 ms (FindLiveObjects: 0.173900 ms CreateObjectMapping: 0.062800 ms MarkObjects: 1.610200 ms  DeleteObjects: 0.111300 ms)

========================================================================
Received Import Request.
  path: Assets/DownloadedMaterial/Tutorial/Sprites/Explosion/Explosion.png
  artifactKey: Guid(39797370c93ad4f58ad6959567c3406c) Importer(815301076,1909f56bfc062723c751e8b465ee728b)
Start importing Assets/DownloadedMaterial/Tutorial/Sprites/Explosion/Explosion.png using Guid(39797370c93ad4f58ad6959567c3406c) Importer(815301076,1909f56bfc062723c751e8b465ee728b)  -> (artifact id: 'a23272764313496d58155f482409445c') in 0.150533 seconds
  Import took 0.156963 seconds .

========================================================================
Received Import Request.
  Time since last request: 12.934587 seconds.
  path: Assets/DownloadedMaterial/Tutorial/Sprites/Explosion/Explosion.png
  artifactKey: Guid(39797370c93ad4f58ad6959567c3406c) Importer(815301076,1909f56bfc062723c751e8b465ee728b)
Start importing Assets/DownloadedMaterial/Tutorial/Sprites/Explosion/Explosion.png using Guid(39797370c93ad4f58ad6959567c3406c) Importer(815301076,1909f56bfc062723c751e8b465ee728b)  -> (artifact id: '978a2e8c00b209543df78674759b7c6b') in 0.012582 seconds
  Import took 0.015400 seconds .

========================================================================
Received Import Request.
  Time since last request: 0.003308 seconds.
  path: Assets/DownloadedMaterial/Tutorial/Sprites/Explosion/Explosion.png
  artifactKey: Guid(39797370c93ad4f58ad6959567c3406c) Importer(815301076,1909f56bfc062723c751e8b465ee728b)
Start importing Assets/DownloadedMaterial/Tutorial/Sprites/Explosion/Explosion.png using Guid(39797370c93ad4f58ad6959567c3406c) Importer(815301076,1909f56bfc062723c751e8b465ee728b)  -> (artifact id: '978a2e8c00b209543df78674759b7c6b') in 0.005387 seconds
  Import took 0.008158 seconds .

========================================================================
Received Import Request.
  Time since last request: 18.630103 seconds.
  path: Assets/DownloadedMaterial/Tutorial/Sprites/Explosion/Explosion.png
  artifactKey: Guid(39797370c93ad4f58ad6959567c3406c) Importer(815301076,1909f56bfc062723c751e8b465ee728b)
Start importing Assets/DownloadedMaterial/Tutorial/Sprites/Explosion/Explosion.png using Guid(39797370c93ad4f58ad6959567c3406c) Importer(815301076,1909f56bfc062723c751e8b465ee728b)  -> (artifact id: '11c8f4691bacb55eefdd184a60235d62') in 0.032342 seconds
  Import took 0.036126 seconds .

========================================================================
Received Import Request.
  Time since last request: 53.012380 seconds.
  path: Assets/Prefabs/Explosion.prefab
  artifactKey: Guid(7d5cf7ab2a056144c9302234fe4b824c) Importer(815301076,1909f56bfc062723c751e8b465ee728b)
Start importing Assets/Prefabs/Explosion.prefab using Guid(7d5cf7ab2a056144c9302234fe4b824c) Importer(815301076,1909f56bfc062723c751e8b465ee728b) The Animator Controller (Explosion_0) you have used is not valid. Animations will not play
UnityEngine.StackTraceUtility:ExtractStackTrace ()
UnityEditor.EditorUtility:Internal_InstantiateRemoveAllNonAnimationComponentsSingle (UnityEngine.Object,UnityEngine.Vector3,UnityEngine.Quaternion)
UnityEditor.EditorUtility:InstantiateRemoveAllNonAnimationComponents (UnityEngine.Object,UnityEngine.Vector3,UnityEngine.Quaternion)
UnityEditor.EditorUtility:InstantiateForAnimatorPreview (UnityEngine.Object)
UnityEditor.GameObjectInspector/PreviewData:UpdateGameObject (UnityEngine.Object)
UnityEditor.GameObjectInspector/PreviewData:.ctor (UnityEngine.Object)
UnityEditor.GameObjectInspector:GetPreviewData ()
UnityEditor.GameObjectInspector:RenderStaticPreview (string,UnityEngine.Object[],int,int)
UnityEditor.AssetPreviewUpdater:CreatePreviewForAsset (UnityEngine.Object,UnityEngine.Object[],string)

[C:\buildslave\unity\build\Modules/Animation/Director/AnimatorControllerPlayable.cpp line 332]

The Animator Controller (Explosion_0) you have used is not valid. Animations will not play
UnityEngine.StackTraceUtility:ExtractStackTrace ()
UnityEditor.EditorUtility:InitInstantiatedPreviewRecursive (UnityEngine.GameObject)
UnityEditor.EditorUtility:InstantiateForAnimatorPreview (UnityEngine.Object)
UnityEditor.GameObjectInspector/PreviewData:UpdateGameObject (UnityEngine.Object)
UnityEditor.GameObjectInspector/PreviewData:.ctor (UnityEngine.Object)
UnityEditor.GameObjectInspector:GetPreviewData ()
UnityEditor.GameObjectInspector:RenderStaticPreview (string,UnityEngine.Object[],int,int)
UnityEditor.AssetPreviewUpdater:CreatePreviewForAsset (UnityEngine.Object,UnityEngine.Object[],string)

[C:\buildslave\unity\build\Modules/Animation/Director/AnimatorControllerPlayable.cpp line 332]

 -> (artifact id: 'f564aca0dcba232ba0acc25281df6dc5') in 0.038827 seconds
  Import took 0.041865 seconds .

========================================================================
Received Import Request.
  Time since last request: 19.628801 seconds.
  path: Assets/DownloadedMaterial/Tutorial/Sprites/Explosion/Explosion.png
  artifactKey: Guid(39797370c93ad4f58ad6959567c3406c) Importer(815301076,1909f56bfc062723c751e8b465ee728b)
Start importing Assets/DownloadedMaterial/Tutorial/Sprites/Explosion/Explosion.png using Guid(39797370c93ad4f58ad6959567c3406c) Importer(815301076,1909f56bfc062723c751e8b465ee728b)  -> (artifact id: 'da9fc8f7c060696d17637cf6be38cf02') in 0.034273 seconds
  Import took 0.037640 seconds .

========================================================================
Received Import Request.
  Time since last request: 38.284699 seconds.
  path: Assets/Animation/Explosion_0.controller
  artifactKey: Guid(c139edd84ec24574b874d25190d032f4) Importer(815301076,1909f56bfc062723c751e8b465ee728b)
Start importing Assets/Animation/Explosion_0.controller using Guid(c139edd84ec24574b874d25190d032f4) Importer(815301076,1909f56bfc062723c751e8b465ee728b)  -> (artifact id: '6939321e4d2e94d6d5beb9cff285a7b7') in 0.003543 seconds
  Import took 0.006736 seconds .

========================================================================
Received Import Request.
  Time since last request: 0.000599 seconds.
  path: Assets/Animation/Explosion_0.controller
  artifactKey: Guid(c139edd84ec24574b874d25190d032f4) Importer(815301076,1909f56bfc062723c751e8b465ee728b)
Start importing Assets/Animation/Explosion_0.controller using Guid(c139edd84ec24574b874d25190d032f4) Importer(815301076,1909f56bfc062723c751e8b465ee728b)  -> (artifact id: '6939321e4d2e94d6d5beb9cff285a7b7') in 0.001983 seconds
  Import took 0.004725 seconds .

========================================================================
Received Import Request.
  Time since last request: 2.805372 seconds.
  path: Assets/Animation/ExplosionAnimation.anim
  artifactKey: Guid(1eace4bcee4e8024ca5625084291fd42) Importer(815301076,1909f56bfc062723c751e8b465ee728b)
Start importing Assets/Animation/ExplosionAnimation.anim using Guid(1eace4bcee4e8024ca5625084291fd42) Importer(815301076,1909f56bfc062723c751e8b465ee728b)  -> (artifact id: 'efe0240a5992589f0c7b10b726db0c87') in 0.003573 seconds
  Import took 0.006407 seconds .

========================================================================
Received Import Request.
  Time since last request: 0.004842 seconds.
  path: Assets/Animation/ExplosionAnimation.anim
  artifactKey: Guid(1eace4bcee4e8024ca5625084291fd42) Importer(815301076,1909f56bfc062723c751e8b465ee728b)
Start importing Assets/Animation/ExplosionAnimation.anim using Guid(1eace4bcee4e8024ca5625084291fd42) Importer(815301076,1909f56bfc062723c751e8b465ee728b)  -> (artifact id: 'efe0240a5992589f0c7b10b726db0c87') in 0.002201 seconds
  Import took 0.004982 seconds .

========================================================================
Received Prepare
Registering precompiled user dll's ...
Registered in 0.000950 seconds.
Begin MonoManager ReloadAssembly
Native extension for WindowsStandalone target not found
Native extension for OSXStandalone target not found
Native extension for WebGL target not found
Refreshing native plugins compatible for Editor in 0.35 ms, found 1 plugins.
Preloading 0 native plugins for Editor in 0.00 ms.
Invoked RoslynAnalysisRunner static constructor.
RoslynAnalysisRunner will not be running.
RoslynAnalysisRunner has terminated.
Mono: successfully reloaded assembly
- Completed reload, in  0.822 seconds
Platform modules already initialized, skipping
Refreshing native plugins compatible for Editor in 0.52 ms, found 1 plugins.
Preloading 0 native plugins for Editor in 0.00 ms.
Unloading 1823 Unused Serialized files (Serialized files now loaded: 0)
System memory in use before: 88.4 MB.
System memory in use after: 88.4 MB.

Unloading 12 unused Assets to reduce memory usage. Loaded Objects now: 2288.
Total: 1.845300 ms (FindLiveObjects: 0.194400 ms CreateObjectMapping: 0.075100 ms MarkObjects: 1.482100 ms  DeleteObjects: 0.092500 ms)

========================================================================
Received Import Request.
  Time since last request: 183.420266 seconds.
  path: Assets/Prefabs/Enemyship.prefab
  artifactKey: Guid(7923d320db9533e4d87f9a7fe86980ca) Importer(815301076,1909f56bfc062723c751e8b465ee728b)
Start importing Assets/Prefabs/Enemyship.prefab using Guid(7923d320db9533e4d87f9a7fe86980ca) Importer(815301076,1909f56bfc062723c751e8b465ee728b)  -> (artifact id: 'c7b47d559bfdf18ef8f7196ae66f55f9') in 0.048684 seconds
  Import took 0.051715 seconds .

========================================================================
Received Import Request.
  Time since last request: 18.171253 seconds.
  path: Assets/Prefabs/Enemyship.prefab
  artifactKey: Guid(7923d320db9533e4d87f9a7fe86980ca) Importer(815301076,1909f56bfc062723c751e8b465ee728b)
Start importing Assets/Prefabs/Enemyship.prefab using Guid(7923d320db9533e4d87f9a7fe86980ca) Importer(815301076,1909f56bfc062723c751e8b465ee728b)  -> (artifact id: '44dd8731a8eb64ba4be09719b59415b0') in 0.012132 seconds
  Import took 0.015022 seconds .

========================================================================
Received Import Request.
  Time since last request: 0.015036 seconds.
  path: Assets/Prefabs/Enemyship.prefab
  artifactKey: Guid(7923d320db9533e4d87f9a7fe86980ca) Importer(815301076,1909f56bfc062723c751e8b465ee728b)
Start importing Assets/Prefabs/Enemyship.prefab using Guid(7923d320db9533e4d87f9a7fe86980ca) Importer(815301076,1909f56bfc062723c751e8b465ee728b)  -> (artifact id: '44dd8731a8eb64ba4be09719b59415b0') in 0.010910 seconds
  Import took 0.013911 seconds .

========================================================================
Received Prepare
Registering precompiled user dll's ...
Registered in 0.000957 seconds.
Begin MonoManager ReloadAssembly
Native extension for WindowsStandalone target not found
Native extension for OSXStandalone target not found
Native extension for WebGL target not found
Refreshing native plugins compatible for Editor in 0.34 ms, found 1 plugins.
Preloading 0 native plugins for Editor in 0.00 ms.
Invoked RoslynAnalysisRunner static constructor.
RoslynAnalysisRunner will not be running.
RoslynAnalysisRunner has terminated.
Mono: successfully reloaded assembly
- Completed reload, in  0.785 seconds
Platform modules already initialized, skipping
Refreshing native plugins compatible for Editor in 0.32 ms, found 1 plugins.
Preloading 0 native plugins for Editor in 0.00 ms.
Unloading 1814 Unused Serialized files (Serialized files now loaded: 0)
System memory in use before: 88.2 MB.
System memory in use after: 88.2 MB.

Unloading 21 unused Assets to reduce memory usage. Loaded Objects now: 2284.
Total: 1.977900 ms (FindLiveObjects: 0.179100 ms CreateObjectMapping: 0.061300 ms MarkObjects: 1.637200 ms  DeleteObjects: 0.099500 ms)

========================================================================
Received Prepare
Registering precompiled user dll's ...
Registered in 0.001072 seconds.
Begin MonoManager ReloadAssembly
Native extension for WindowsStandalone target not found
Native extension for OSXStandalone target not found
Native extension for WebGL target not found
Refreshing native plugins compatible for Editor in 0.34 ms, found 1 plugins.
Preloading 0 native plugins for Editor in 0.00 ms.
Invoked RoslynAnalysisRunner static constructor.
RoslynAnalysisRunner will not be running.
RoslynAnalysisRunner has terminated.
Mono: successfully reloaded assembly
- Completed reload, in  0.782 seconds
Platform modules already initialized, skipping
Refreshing native plugins compatible for Editor in 0.33 ms, found 1 plugins.
Preloading 0 native plugins for Editor in 0.00 ms.
Unloading 1814 Unused Serialized files (Serialized files now loaded: 0)
System memory in use before: 88.3 MB.
System memory in use after: 88.2 MB.

Unloading 12 unused Assets to reduce memory usage. Loaded Objects now: 2288.
Total: 2.335900 ms (FindLiveObjects: 0.274000 ms CreateObjectMapping: 0.060700 ms MarkObjects: 1.901000 ms  DeleteObjects: 0.099300 ms)

========================================================================
Received Prepare
Registering precompiled user dll's ...
Registered in 0.001108 seconds.
Begin MonoManager ReloadAssembly
Native extension for WindowsStandalone target not found
Native extension for OSXStandalone target not found
Native extension for WebGL target not found
Refreshing native plugins compatible for Editor in 0.33 ms, found 1 plugins.
Preloading 0 native plugins for Editor in 0.00 ms.
Invoked RoslynAnalysisRunner static constructor.
RoslynAnalysisRunner will not be running.
RoslynAnalysisRunner has terminated.
Mono: successfully reloaded assembly
- Completed reload, in  0.767 seconds
Platform modules already initialized, skipping
Refreshing native plugins compatible for Editor in 0.32 ms, found 1 plugins.
Preloading 0 native plugins for Editor in 0.00 ms.
Unloading 1814 Unused Serialized files (Serialized files now loaded: 0)
System memory in use before: 88.2 MB.
System memory in use after: 88.2 MB.

Unloading 12 unused Assets to reduce memory usage. Loaded Objects now: 2292.
Total: 1.891100 ms (FindLiveObjects: 0.197300 ms CreateObjectMapping: 0.066400 ms MarkObjects: 1.529500 ms  DeleteObjects: 0.096700 ms)

========================================================================
Received Prepare
Registering precompiled user dll's ...
Registered in 0.000886 seconds.
Begin MonoManager ReloadAssembly
Native extension for WindowsStandalone target not found
Native extension for OSXStandalone target not found
Native extension for WebGL target not found
Refreshing native plugins compatible for Editor in 0.32 ms, found 1 plugins.
Preloading 0 native plugins for Editor in 0.00 ms.
Invoked RoslynAnalysisRunner static constructor.
RoslynAnalysisRunner will not be running.
RoslynAnalysisRunner has terminated.
Mono: successfully reloaded assembly
- Completed reload, in  0.771 seconds
Platform modules already initialized, skipping
Refreshing native plugins compatible for Editor in 0.32 ms, found 1 plugins.
Preloading 0 native plugins for Editor in 0.00 ms.
Unloading 1814 Unused Serialized files (Serialized files now loaded: 0)
System memory in use before: 88.3 MB.
System memory in use after: 88.2 MB.

Unloading 12 unused Assets to reduce memory usage. Loaded Objects now: 2296.
Total: 2.282500 ms (FindLiveObjects: 0.291200 ms CreateObjectMapping: 0.066200 ms MarkObjects: 1.805200 ms  DeleteObjects: 0.118700 ms)

========================================================================
Received Prepare
Registering precompiled user dll's ...
Registered in 0.000900 seconds.
Begin MonoManager ReloadAssembly
Native extension for WindowsStandalone target not found
Native extension for OSXStandalone target not found
Native extension for WebGL target not found
Refreshing native plugins compatible for Editor in 0.30 ms, found 1 plugins.
Preloading 0 native plugins for Editor in 0.00 ms.
Invoked RoslynAnalysisRunner static constructor.
RoslynAnalysisRunner will not be running.
RoslynAnalysisRunner has terminated.
Mono: successfully reloaded assembly
- Completed reload, in  0.767 seconds
Platform modules already initialized, skipping
Refreshing native plugins compatible for Editor in 0.33 ms, found 1 plugins.
Preloading 0 native plugins for Editor in 0.00 ms.
Unloading 1814 Unused Serialized files (Serialized files now loaded: 0)
System memory in use before: 88.3 MB.
System memory in use after: 88.3 MB.

Unloading 12 unused Assets to reduce memory usage. Loaded Objects now: 2300.
Total: 2.104100 ms (FindLiveObjects: 0.186500 ms CreateObjectMapping: 0.064700 ms MarkObjects: 1.735100 ms  DeleteObjects: 0.116400 ms)

========================================================================
Received Prepare
Registering precompiled user dll's ...
Registered in 0.000892 seconds.
Begin MonoManager ReloadAssembly
Native extension for WindowsStandalone target not found
Native extension for OSXStandalone target not found
Native extension for WebGL target not found
Refreshing native plugins compatible for Editor in 0.35 ms, found 1 plugins.
Preloading 0 native plugins for Editor in 0.00 ms.
Invoked RoslynAnalysisRunner static constructor.
RoslynAnalysisRunner will not be running.
RoslynAnalysisRunner has terminated.
Mono: successfully reloaded assembly
- Completed reload, in  0.764 seconds
Platform modules already initialized, skipping
Refreshing native plugins compatible for Editor in 0.32 ms, found 1 plugins.
Preloading 0 native plugins for Editor in 0.00 ms.
Unloading 1814 Unused Serialized files (Serialized files now loaded: 0)
System memory in use before: 88.3 MB.
System memory in use after: 88.3 MB.

Unloading 12 unused Assets to reduce memory usage. Loaded Objects now: 2304.
Total: 1.922300 ms (FindLiveObjects: 0.222300 ms CreateObjectMapping: 0.063700 ms MarkObjects: 1.522600 ms  DeleteObjects: 0.112500 ms)

========================================================================
Received Prepare
Registering precompiled user dll's ...
Registered in 0.000912 seconds.
Begin MonoManager ReloadAssembly
Native extension for WindowsStandalone target not found
Native extension for OSXStandalone target not found
Native extension for WebGL target not found
Refreshing native plugins compatible for Editor in 0.29 ms, found 1 plugins.
Preloading 0 native plugins for Editor in 0.00 ms.
Invoked RoslynAnalysisRunner static constructor.
RoslynAnalysisRunner will not be running.
RoslynAnalysisRunner has terminated.
Mono: successfully reloaded assembly
- Completed reload, in  0.768 seconds
Platform modules already initialized, skipping
Refreshing native plugins compatible for Editor in 0.32 ms, found 1 plugins.
Preloading 0 native plugins for Editor in 0.00 ms.
Unloading 1814 Unused Serialized files (Serialized files now loaded: 0)
System memory in use before: 88.3 MB.
System memory in use after: 88.3 MB.

Unloading 12 unused Assets to reduce memory usage. Loaded Objects now: 2308.
Total: 2.071600 ms (FindLiveObjects: 0.189600 ms CreateObjectMapping: 0.065900 ms MarkObjects: 1.668900 ms  DeleteObjects: 0.146100 ms)

========================================================================
Received Prepare
Registering precompiled user dll's ...
Registered in 0.000915 seconds.
Begin MonoManager ReloadAssembly
Native extension for WindowsStandalone target not found
Native extension for OSXStandalone target not found
Native extension for WebGL target not found
Refreshing native plugins compatible for Editor in 0.41 ms, found 1 plugins.
Preloading 0 native plugins for Editor in 0.00 ms.
Invoked RoslynAnalysisRunner static constructor.
RoslynAnalysisRunner will not be running.
RoslynAnalysisRunner has terminated.
Mono: successfully reloaded assembly
- Completed reload, in  1.046 seconds
Platform modules already initialized, skipping
Refreshing native plugins compatible for Editor in 0.73 ms, found 1 plugins.
Preloading 0 native plugins for Editor in 0.00 ms.
Unloading 1814 Unused Serialized files (Serialized files now loaded: 0)
System memory in use before: 88.3 MB.
System memory in use after: 88.3 MB.

Unloading 12 unused Assets to reduce memory usage. Loaded Objects now: 2312.
Total: 3.045500 ms (FindLiveObjects: 0.290000 ms CreateObjectMapping: 0.115600 ms MarkObjects: 2.527000 ms  DeleteObjects: 0.111700 ms)

========================================================================
Received Import Request.
  Time since last request: 325.997201 seconds.
  path: Assets/Prefabs/Explosion.prefab
  artifactKey: Guid(7d5cf7ab2a056144c9302234fe4b824c) Importer(815301076,1909f56bfc062723c751e8b465ee728b)
Start importing Assets/Prefabs/Explosion.prefab using Guid(7d5cf7ab2a056144c9302234fe4b824c) Importer(815301076,1909f56bfc062723c751e8b465ee728b) The Animator Controller (Explosion_0) you have used is not valid. Animations will not play
UnityEngine.StackTraceUtility:ExtractStackTrace ()
UnityEditor.EditorUtility:Internal_InstantiateRemoveAllNonAnimationComponentsSingle (UnityEngine.Object,UnityEngine.Vector3,UnityEngine.Quaternion)
UnityEditor.EditorUtility:InstantiateRemoveAllNonAnimationComponents (UnityEngine.Object,UnityEngine.Vector3,UnityEngine.Quaternion)
UnityEditor.EditorUtility:InstantiateForAnimatorPreview (UnityEngine.Object)
UnityEditor.GameObjectInspector/PreviewData:UpdateGameObject (UnityEngine.Object)
UnityEditor.GameObjectInspector/PreviewData:.ctor (UnityEngine.Object)
UnityEditor.GameObjectInspector:GetPreviewData ()
UnityEditor.GameObjectInspector:RenderStaticPreview (string,UnityEngine.Object[],int,int)
UnityEditor.AssetPreviewUpdater:CreatePreviewForAsset (UnityEngine.Object,UnityEngine.Object[],string)

[C:\buildslave\unity\build\Modules/Animation/Director/AnimatorControllerPlayable.cpp line 332]

The Animator Controller (Explosion_0) you have used is not valid. Animations will not play
UnityEngine.StackTraceUtility:ExtractStackTrace ()
UnityEditor.EditorUtility:InitInstantiatedPreviewRecursive (UnityEngine.GameObject)
UnityEditor.EditorUtility:InstantiateForAnimatorPreview (UnityEngine.Object)
UnityEditor.GameObjectInspector/PreviewData:UpdateGameObject (UnityEngine.Object)
UnityEditor.GameObjectInspector/PreviewData:.ctor (UnityEngine.Object)
UnityEditor.GameObjectInspector:GetPreviewData ()
UnityEditor.GameObjectInspector:RenderStaticPreview (string,UnityEngine.Object[],int,int)
UnityEditor.AssetPreviewUpdater:CreatePreviewForAsset (UnityEngine.Object,UnityEngine.Object[],string)

[C:\buildslave\unity\build\Modules/Animation/Director/AnimatorControllerPlayable.cpp line 332]

 -> (artifact id: '381d7e61e90f93d3b9bb8f6440d97918') in 0.093001 seconds
  Import took 0.097811 seconds .

========================================================================
Received Prepare
Registering precompiled user dll's ...
Registered in 0.000925 seconds.
Begin MonoManager ReloadAssembly
Native extension for WindowsStandalone target not found
Native extension for OSXStandalone target not found
Native extension for WebGL target not found
Refreshing native plugins compatible for Editor in 0.34 ms, found 1 plugins.
Preloading 0 native plugins for Editor in 0.00 ms.
Invoked RoslynAnalysisRunner static constructor.
RoslynAnalysisRunner will not be running.
RoslynAnalysisRunner has terminated.
Mono: successfully reloaded assembly
- Completed reload, in  0.772 seconds
Platform modules already initialized, skipping
Refreshing native plugins compatible for Editor in 0.32 ms, found 1 plugins.
Preloading 0 native plugins for Editor in 0.00 ms.
Unloading 1814 Unused Serialized files (Serialized files now loaded: 0)
System memory in use before: 88.3 MB.
System memory in use after: 88.3 MB.

Unloading 12 unused Assets to reduce memory usage. Loaded Objects now: 2317.
Total: 1.972100 ms (FindLiveObjects: 0.188800 ms CreateObjectMapping: 0.064000 ms MarkObjects: 1.614400 ms  DeleteObjects: 0.103900 ms)

========================================================================
Received Prepare
Registering precompiled user dll's ...
Registered in 0.000954 seconds.
Begin MonoManager ReloadAssembly
Native extension for WindowsStandalone target not found
Native extension for OSXStandalone target not found
Native extension for WebGL target not found
Refreshing native plugins compatible for Editor in 0.43 ms, found 1 plugins.
Preloading 0 native plugins for Editor in 0.00 ms.
Invoked RoslynAnalysisRunner static constructor.
RoslynAnalysisRunner will not be running.
RoslynAnalysisRunner has terminated.
Mono: successfully reloaded assembly
- Completed reload, in  0.915 seconds
Platform modules already initialized, skipping
Refreshing native plugins compatible for Editor in 0.40 ms, found 1 plugins.
Preloading 0 native plugins for Editor in 0.00 ms.
Unloading 1814 Unused Serialized files (Serialized files now loaded: 0)
System memory in use before: 88.3 MB.
System memory in use after: 88.3 MB.

Unloading 12 unused Assets to reduce memory usage. Loaded Objects now: 2321.
Total: 3.035400 ms (FindLiveObjects: 0.273400 ms CreateObjectMapping: 0.303900 ms MarkObjects: 2.335700 ms  DeleteObjects: 0.120600 ms)

========================================================================
Received Prepare
Registering precompiled user dll's ...
Registered in 0.000967 seconds.
Begin MonoManager ReloadAssembly
Native extension for WindowsStandalone target not found
Native extension for OSXStandalone target not found
Native extension for WebGL target not found
Refreshing native plugins compatible for Editor in 0.34 ms, found 1 plugins.
Preloading 0 native plugins for Editor in 0.00 ms.
Invoked RoslynAnalysisRunner static constructor.
RoslynAnalysisRunner will not be running.
RoslynAnalysisRunner has terminated.
Mono: successfully reloaded assembly
- Completed reload, in  0.791 seconds
Platform modules already initialized, skipping
Refreshing native plugins compatible for Editor in 0.32 ms, found 1 plugins.
Preloading 0 native plugins for Editor in 0.00 ms.
Unloading 1814 Unused Serialized files (Serialized files now loaded: 0)
System memory in use before: 88.3 MB.
System memory in use after: 88.3 MB.

Unloading 12 unused Assets to reduce memory usage. Loaded Objects now: 2325.
Total: 1.984100 ms (FindLiveObjects: 0.181800 ms CreateObjectMapping: 0.065100 ms MarkObjects: 1.635200 ms  DeleteObjects: 0.101000 ms)

========================================================================
Received Import Request.
  Time since last request: 104.087515 seconds.
  path: Assets/Scripts/Main/ExplosionScript.cs
  artifactKey: Guid(0114920a257325c45a0deed5948ebea9) Importer(815301076,1909f56bfc062723c751e8b465ee728b)
Start importing Assets/Scripts/Main/ExplosionScript.cs using Guid(0114920a257325c45a0deed5948ebea9) Importer(815301076,1909f56bfc062723c751e8b465ee728b)  -> (artifact id: '2864ed31aed11956a559e42d6781aa81') in 0.017248 seconds
  Import took 0.020461 seconds .

========================================================================
Received Import Request.
  Time since last request: 0.004743 seconds.
  path: Assets/Scripts/Main/ExplosionScript.cs
  artifactKey: Guid(0114920a257325c45a0deed5948ebea9) Importer(815301076,1909f56bfc062723c751e8b465ee728b)
Start importing Assets/Scripts/Main/ExplosionScript.cs using Guid(0114920a257325c45a0deed5948ebea9) Importer(815301076,1909f56bfc062723c751e8b465ee728b)  -> (artifact id: '2864ed31aed11956a559e42d6781aa81') in 0.001720 seconds
  Import took 0.004617 seconds .

========================================================================
Received Prepare
Registering precompiled user dll's ...
Registered in 0.000923 seconds.
Begin MonoManager ReloadAssembly
Native extension for WindowsStandalone target not found
Native extension for OSXStandalone target not found
Native extension for WebGL target not found
Refreshing native plugins compatible for Editor in 0.33 ms, found 1 plugins.
Preloading 0 native plugins for Editor in 0.00 ms.
Invoked RoslynAnalysisRunner static constructor.
RoslynAnalysisRunner will not be running.
RoslynAnalysisRunner has terminated.
Mono: successfully reloaded assembly
- Completed reload, in  0.800 seconds
Platform modules already initialized, skipping
Refreshing native plugins compatible for Editor in 0.33 ms, found 1 plugins.
Preloading 0 native plugins for Editor in 0.00 ms.
Unloading 1815 Unused Serialized files (Serialized files now loaded: 0)
System memory in use before: 88.4 MB.
System memory in use after: 88.4 MB.

Unloading 12 unused Assets to reduce memory usage. Loaded Objects now: 2330.
Total: 1.948500 ms (FindLiveObjects: 0.185700 ms CreateObjectMapping: 0.058700 ms MarkObjects: 1.601100 ms  DeleteObjects: 0.101900 ms)

========================================================================
Received Prepare
Registering precompiled user dll's ...
Registered in 0.000930 seconds.
Begin MonoManager ReloadAssembly
Native extension for WindowsStandalone target not found
Native extension for OSXStandalone target not found
Native extension for WebGL target not found
Refreshing native plugins compatible for Editor in 0.33 ms, found 1 plugins.
Preloading 0 native plugins for Editor in 0.00 ms.
Invoked RoslynAnalysisRunner static constructor.
RoslynAnalysisRunner will not be running.
RoslynAnalysisRunner has terminated.
Mono: successfully reloaded assembly
- Completed reload, in  0.797 seconds
Platform modules already initialized, skipping
Refreshing native plugins compatible for Editor in 0.32 ms, found 1 plugins.
Preloading 0 native plugins for Editor in 0.00 ms.
Unloading 1815 Unused Serialized files (Serialized files now loaded: 0)
System memory in use before: 88.4 MB.
System memory in use after: 88.4 MB.

Unloading 12 unused Assets to reduce memory usage. Loaded Objects now: 2334.
Total: 2.003500 ms (FindLiveObjects: 0.248800 ms CreateObjectMapping: 0.073900 ms MarkObjects: 1.579300 ms  DeleteObjects: 0.100600 ms)

========================================================================
Received Import Request.
  Time since last request: 73.218329 seconds.
  path: Assets/Scripts/Main/ExplosionScript.cs
  artifactKey: Guid(0114920a257325c45a0deed5948ebea9) Importer(815301076,1909f56bfc062723c751e8b465ee728b)
Start importing Assets/Scripts/Main/ExplosionScript.cs using Guid(0114920a257325c45a0deed5948ebea9) Importer(815301076,1909f56bfc062723c751e8b465ee728b)  -> (artifact id: '783aead1384a08dcd45567a08c94c479') in 0.003635 seconds
  Import took 0.006330 seconds .

========================================================================
Received Prepare
Registering precompiled user dll's ...
Registered in 0.000947 seconds.
Begin MonoManager ReloadAssembly
Native extension for WindowsStandalone target not found
Native extension for OSXStandalone target not found
Native extension for WebGL target not found
Refreshing native plugins compatible for Editor in 0.33 ms, found 1 plugins.
Preloading 0 native plugins for Editor in 0.00 ms.
Invoked RoslynAnalysisRunner static constructor.
RoslynAnalysisRunner will not be running.
RoslynAnalysisRunner has terminated.
Mono: successfully reloaded assembly
- Completed reload, in  0.773 seconds
Platform modules already initialized, skipping
Refreshing native plugins compatible for Editor in 0.34 ms, found 1 plugins.
Preloading 0 native plugins for Editor in 0.00 ms.
Unloading 1815 Unused Serialized files (Serialized files now loaded: 0)
System memory in use before: 88.4 MB.
System memory in use after: 88.4 MB.

Unloading 12 unused Assets to reduce memory usage. Loaded Objects now: 2338.
Total: 2.108200 ms (FindLiveObjects: 0.257200 ms CreateObjectMapping: 0.063600 ms MarkObjects: 1.645900 ms  DeleteObjects: 0.140400 ms)

========================================================================
Received Prepare
Registering precompiled user dll's ...
Registered in 0.000940 seconds.
Begin MonoManager ReloadAssembly
Native extension for WindowsStandalone target not found
Native extension for OSXStandalone target not found
Native extension for WebGL target not found
Refreshing native plugins compatible for Editor in 0.34 ms, found 1 plugins.
Preloading 0 native plugins for Editor in 0.00 ms.
Invoked RoslynAnalysisRunner static constructor.
RoslynAnalysisRunner will not be running.
RoslynAnalysisRunner has terminated.
Mono: successfully reloaded assembly
- Completed reload, in  0.766 seconds
Platform modules already initialized, skipping
Refreshing native plugins compatible for Editor in 0.32 ms, found 1 plugins.
Preloading 0 native plugins for Editor in 0.00 ms.
Unloading 1815 Unused Serialized files (Serialized files now loaded: 0)
System memory in use before: 88.4 MB.
System memory in use after: 88.4 MB.

Unloading 12 unused Assets to reduce memory usage. Loaded Objects now: 2342.
Total: 2.008300 ms (FindLiveObjects: 0.195100 ms CreateObjectMapping: 0.067100 ms MarkObjects: 1.645000 ms  DeleteObjects: 0.100100 ms)

========================================================================
Received Prepare
Registering precompiled user dll's ...
Registered in 0.000863 seconds.
Begin MonoManager ReloadAssembly
Native extension for WindowsStandalone target not found
Native extension for OSXStandalone target not found
Native extension for WebGL target not found
Refreshing native plugins compatible for Editor in 0.35 ms, found 1 plugins.
Preloading 0 native plugins for Editor in 0.00 ms.
Invoked RoslynAnalysisRunner static constructor.
RoslynAnalysisRunner will not be running.
RoslynAnalysisRunner has terminated.
Mono: successfully reloaded assembly
- Completed reload, in  0.777 seconds
Platform modules already initialized, skipping
Refreshing native plugins compatible for Editor in 0.31 ms, found 1 plugins.
Preloading 0 native plugins for Editor in 0.00 ms.
Unloading 1815 Unused Serialized files (Serialized files now loaded: 0)
System memory in use before: 88.4 MB.
System memory in use after: 88.4 MB.

Unloading 12 unused Assets to reduce memory usage. Loaded Objects now: 2346.
Total: 2.023500 ms (FindLiveObjects: 0.224800 ms CreateObjectMapping: 0.066300 ms MarkObjects: 1.597500 ms  DeleteObjects: 0.134000 ms)

========================================================================
Received Prepare
Registering precompiled user dll's ...
Registered in 0.000980 seconds.
Begin MonoManager ReloadAssembly
Native extension for WindowsStandalone target not found
Native extension for OSXStandalone target not found
Native extension for WebGL target not found
Refreshing native plugins compatible for Editor in 0.51 ms, found 1 plugins.
Preloading 0 native plugins for Editor in 0.00 ms.
Invoked RoslynAnalysisRunner static constructor.
RoslynAnalysisRunner will not be running.
RoslynAnalysisRunner has terminated.
Mono: successfully reloaded assembly
- Completed reload, in  0.787 seconds
Platform modules already initialized, skipping
Refreshing native plugins compatible for Editor in 0.32 ms, found 1 plugins.
Preloading 0 native plugins for Editor in 0.00 ms.
Unloading 1815 Unused Serialized files (Serialized files now loaded: 0)
System memory in use before: 88.4 MB.
System memory in use after: 88.4 MB.

Unloading 12 unused Assets to reduce memory usage. Loaded Objects now: 2350.
Total: 1.881400 ms (FindLiveObjects: 0.205000 ms CreateObjectMapping: 0.068200 ms MarkObjects: 1.503700 ms  DeleteObjects: 0.103600 ms)

AssetImportWorkerClient::OnTransportError - code=2 error=End of file
